Version string 'v1.7c_mc1.9.4' does not match SemVer specification 
You should try SemVer : http://semver.org/
:deobfCompileDummyTask
:deobfProvidedDummyTask
:sourceApiJava UP-TO-DATE
:compileApiJava UP-TO-DATE
:processApiResources UP-TO-DATE
:apiClasses UP-TO-DATE
:sourceMainJava UP-TO-DATE
:compileJavawarning: [options] bootstrap class path not set in conjunction with -source 1.6
Note: Some input files use unchecked or unsafe operations.
Note: Recompile with -Xlint:unchecked for details.
1 warning

:processResources
:classes
:jar
:sourceTestJava UP-TO-DATE
:compileTestJava UP-TO-DATE
:processTestResources UP-TO-DATE
:testClasses UP-TO-DATE
:test UP-TO-DATE
:extractMcpData SKIPPED
:extractMcpMappings SKIPPED
:getVersionJson
:extractUserdev UP-TO-DATE
:genSrgs SKIPPED
:reobfJar
:extractRangemapReplacedMain
F:\Projects\Minecraft\1.10.2\PrimordialCrops\build\sources\main\java
:retromapReplacedMain UP-TO-DATE
:sourceJar
:assemble
:check UP-TO-DATE
:build

BUILD SUCCESSFUL

Total time: 6.9 secs
